{"E:\\Documenti\\TERZO ANNO\\quiad\\Deliverables\\Implementation\\quiad_rest_api_server\\dist\\account\\controllers\\src\\account\\controllers\\account.controller.ts": {"path":"E:\\Documenti\\TERZO ANNO\\quiad\\Deliverables\\Implementation\\quiad_rest_api_server\\dist\\account\\controllers\\src\\account\\controllers\\account.controller.ts","statementMap":{"0":{"start":{"line":4,"column":0},"end":{"line":4,"column":45}},"1":{"start":{"line":6,"column":0},"end":{"line":6,"column":13}},"2":{"start":{"line":8,"column":12},"end":{"line":8,"column":42}},"3":{"start":{"line":10,"column":17},"end":{"line":55,"column":null}},"4":{"start":{"line":11,"column":24},"end":{"line":53,"column":null}},"5":{"start":{"line":11,"column":14},"end":{"line":53,"column":null}},"6":{"start":{"line":54,"column":8},"end":{"line":54,"column":34}},"7":{"start":{"line":57,"column":17},"end":{"line":111,"column":null}},"8":{"start":{"line":58,"column":23},"end":{"line":109,"column":null}},"9":{"start":{"line":58,"column":14},"end":{"line":109,"column":null}},"10":{"start":{"line":110,"column":8},"end":{"line":110,"column":33}},"11":{"start":{"line":113,"column":0},"end":{"line":113,"column":null}},"12":{"start":{"line":6,"column":13},"end":{"line":6,"column":30}}},"fnMap":{"0":{"name":"(anonymous_13)","decl":{"start":{"line":6,"column":0},"end":{"line":6,"column":13}},"loc":{"start":{"line":6,"column":0},"end":{"line":113,"column":null}}},"1":{"name":"(anonymous_15)","decl":{"start":{"line":10,"column":4},"end":{"line":10,"column":17}},"loc":{"start":{"line":10,"column":48},"end":{"line":55,"column":null}}},"2":{"name":"(anonymous_18)","decl":{"start":{"line":57,"column":4},"end":{"line":57,"column":17}},"loc":{"start":{"line":57,"column":43},"end":{"line":111,"column":null}}}},"branchMap":{"0":{"loc":{"start":{"line":11,"column":24},"end":{"line":53,"column":null}},"type":"switch","locations":[{"start":{"line":11,"column":24},"end":{"line":53,"column":null}}]},"1":{"loc":{"start":{"line":58,"column":23},"end":{"line":109,"column":null}},"type":"switch","locations":[{"start":{"line":58,"column":23},"end":{"line":109,"column":null}}]},"2":{"loc":{"start":{"line":75,"column":43},"end":{"line":75,"column":117}},"type":"cond-expr","locations":[{"start":{"line":75,"column":73},"end":{"line":75,"column":110}},{"start":{"line":75,"column":113},"end":{"line":75,"column":117}}]}},"s":{"0":3,"1":3,"2":3,"3":3,"4":7,"5":7,"6":6,"7":3,"8":3,"9":3,"10":2,"11":3,"12":3},"f":{"0":6,"1":7,"2":3},"b":{"0":[7],"1":[3],"2":[0,3]}}
,"E:\\Documenti\\TERZO ANNO\\quiad\\Deliverables\\Implementation\\quiad_rest_api_server\\dist\\account\\services\\src\\account\\services\\auth.service.ts": {"path":"E:\\Documenti\\TERZO ANNO\\quiad\\Deliverables\\Implementation\\quiad_rest_api_server\\dist\\account\\services\\src\\account\\services\\auth.service.ts","statementMap":{"0":{"start":{"line":2,"column":0},"end":{"line":2,"column":70}},"1":{"start":{"line":3,"column":0},"end":{"line":3,"column":28}},"2":{"start":{"line":4,"column":0},"end":{"line":4,"column":36}},"3":{"start":{"line":6,"column":0},"end":{"line":6,"column":13}},"4":{"start":{"line":8,"column":12},"end":{"line":8,"column":75}},"5":{"start":{"line":10,"column":17},"end":{"line":45,"column":null}},"6":{"start":{"line":11,"column":14},"end":{"line":11,"column":43}},"7":{"start":{"line":12,"column":8},"end":{"line":12,"column":30}},"8":{"start":{"line":13,"column":11},"end":{"line":13,"column":19}},"9":{"start":{"line":15,"column":32},"end":{"line":15,"column":null}},"10":{"start":{"line":15,"column":22},"end":{"line":15,"column":null}},"11":{"start":{"line":16,"column":16},"end":{"line":38,"column":null}},"12":{"start":{"line":17,"column":26},"end":{"line":17,"column":55}},"13":{"start":{"line":18,"column":20},"end":{"line":35,"column":null}},"14":{"start":{"line":19,"column":24},"end":{"line":32,"column":null}},"15":{"start":{"line":20,"column":34},"end":{"line":23,"column":null}},"16":{"start":{"line":24,"column":28},"end":{"line":29,"column":31}},"17":{"start":{"line":31,"column":28},"end":{"line":31,"column":55}},"18":{"start":{"line":34,"column":24},"end":{"line":34,"column":51}},"19":{"start":{"line":37,"column":20},"end":{"line":37,"column":47}},"20":{"start":{"line":40,"column":16},"end":{"line":40,"column":43}},"21":{"start":{"line":43,"column":12},"end":{"line":43,"column":39}},"22":{"start":{"line":47,"column":0},"end":{"line":47,"column":null}},"23":{"start":{"line":6,"column":13},"end":{"line":6,"column":24}}},"fnMap":{"0":{"name":"(anonymous_16)","decl":{"start":{"line":6,"column":0},"end":{"line":6,"column":13}},"loc":{"start":{"line":6,"column":0},"end":{"line":47,"column":null}}},"1":{"name":"(anonymous_18)","decl":{"start":{"line":10,"column":4},"end":{"line":10,"column":17}},"loc":{"start":{"line":10,"column":70},"end":{"line":45,"column":null}}}},"branchMap":{"0":{"loc":{"start":{"line":13,"column":11},"end":{"line":13,"column":19}},"type":"if","locations":[{"start":{"line":13,"column":11},"end":{"line":13,"column":19}}]},"1":{"loc":{"start":{"line":16,"column":16},"end":{"line":38,"column":null}},"type":"if","locations":[{"start":{"line":16,"column":16},"end":{"line":38,"column":null}},{"start":{"line":36,"column":23},"end":{"line":38,"column":null}}]},"2":{"loc":{"start":{"line":18,"column":20},"end":{"line":35,"column":null}},"type":"if","locations":[{"start":{"line":18,"column":20},"end":{"line":35,"column":null}},{"start":{"line":33,"column":27},"end":{"line":35,"column":null}}]},"3":{"loc":{"start":{"line":19,"column":24},"end":{"line":32,"column":null}},"type":"if","locations":[{"start":{"line":19,"column":24},"end":{"line":32,"column":null}},{"start":{"line":30,"column":31},"end":{"line":32,"column":null}}]}},"s":{"0":1,"1":1,"2":1,"3":1,"4":1,"5":1,"6":6,"7":6,"8":7,"9":5,"10":5,"11":4,"12":3,"13":3,"14":2,"15":1,"16":1,"17":1,"18":1,"19":1,"20":1,"21":1,"22":1,"23":1},"f":{"0":2,"1":6},"b":{"0":[1],"1":[3,1],"2":[2,1],"3":[1,1]}}
,"E:\\Documenti\\TERZO ANNO\\quiad\\Deliverables\\Implementation\\quiad_rest_api_server\\dist\\account\\services\\src\\account\\services\\registration.service.ts": {"path":"E:\\Documenti\\TERZO ANNO\\quiad\\Deliverables\\Implementation\\quiad_rest_api_server\\dist\\account\\services\\src\\account\\services\\registration.service.ts","statementMap":{"0":{"start":{"line":2,"column":0},"end":{"line":2,"column":70}},"1":{"start":{"line":3,"column":0},"end":{"line":3,"column":28}},"2":{"start":{"line":5,"column":0},"end":{"line":5,"column":13}},"3":{"start":{"line":7,"column":12},"end":{"line":7,"column":56}},"4":{"start":{"line":9,"column":17},"end":{"line":18,"column":null}},"5":{"start":{"line":10,"column":14},"end":{"line":10,"column":35}},"6":{"start":{"line":11,"column":8},"end":{"line":11,"column":53}},"7":{"start":{"line":13,"column":28},"end":{"line":13,"column":null}},"8":{"start":{"line":13,"column":18},"end":{"line":13,"column":null}},"9":{"start":{"line":14,"column":12},"end":{"line":14,"column":30}},"10":{"start":{"line":16,"column":12},"end":{"line":16,"column":39}},"11":{"start":{"line":20,"column":0},"end":{"line":20,"column":null}},"12":{"start":{"line":5,"column":13},"end":{"line":5,"column":32}}},"fnMap":{"0":{"name":"(anonymous_14)","decl":{"start":{"line":5,"column":0},"end":{"line":5,"column":13}},"loc":{"start":{"line":5,"column":0},"end":{"line":20,"column":null}}},"1":{"name":"(anonymous_16)","decl":{"start":{"line":9,"column":4},"end":{"line":9,"column":17}},"loc":{"start":{"line":9,"column":73},"end":{"line":18,"column":null}}}},"branchMap":{},"s":{"0":1,"1":1,"2":1,"3":1,"4":1,"5":2,"6":2,"7":2,"8":2,"9":1,"10":1,"11":1,"12":1},"f":{"0":2,"1":2},"b":{}}
,"E:\\Documenti\\TERZO ANNO\\quiad\\Deliverables\\Implementation\\quiad_rest_api_server\\dist\\document\\controllers\\src\\document\\controllers\\document.controller.ts": {"path":"E:\\Documenti\\TERZO ANNO\\quiad\\Deliverables\\Implementation\\quiad_rest_api_server\\dist\\document\\controllers\\src\\document\\controllers\\document.controller.ts","statementMap":{"0":{"start":{"line":2,"column":0},"end":{"line":2,"column":45}},"1":{"start":{"line":5,"column":0},"end":{"line":5,"column":13}},"2":{"start":{"line":7,"column":12},"end":{"line":7,"column":null}},"3":{"start":{"line":9,"column":17},"end":{"line":21,"column":null}},"4":{"start":{"line":10,"column":26},"end":{"line":19,"column":null}},"5":{"start":{"line":10,"column":14},"end":{"line":19,"column":null}},"6":{"start":{"line":20,"column":8},"end":{"line":20,"column":39}},"7":{"start":{"line":23,"column":17},"end":{"line":28,"column":null}},"8":{"start":{"line":24,"column":32},"end":{"line":26,"column":null}},"9":{"start":{"line":24,"column":14},"end":{"line":26,"column":null}},"10":{"start":{"line":27,"column":8},"end":{"line":27,"column":31}},"11":{"start":{"line":30,"column":0},"end":{"line":30,"column":null}},"12":{"start":{"line":5,"column":13},"end":{"line":5,"column":31}}},"fnMap":{"0":{"name":"(anonymous_13)","decl":{"start":{"line":5,"column":0},"end":{"line":5,"column":13}},"loc":{"start":{"line":5,"column":0},"end":{"line":30,"column":null}}},"1":{"name":"(anonymous_15)","decl":{"start":{"line":9,"column":4},"end":{"line":9,"column":17}},"loc":{"start":{"line":9,"column":53},"end":{"line":21,"column":null}}},"2":{"name":"(anonymous_18)","decl":{"start":{"line":23,"column":4},"end":{"line":23,"column":17}},"loc":{"start":{"line":23,"column":45},"end":{"line":28,"column":null}}}},"branchMap":{"0":{"loc":{"start":{"line":10,"column":26},"end":{"line":19,"column":null}},"type":"switch","locations":[{"start":{"line":10,"column":26},"end":{"line":19,"column":null}}]},"1":{"loc":{"start":{"line":24,"column":32},"end":{"line":26,"column":null}},"type":"switch","locations":[{"start":{"line":24,"column":32},"end":{"line":26,"column":null}}]}},"s":{"0":2,"1":2,"2":2,"3":2,"4":2,"5":2,"6":2,"7":2,"8":2,"9":2,"10":2,"11":2,"12":2},"f":{"0":4,"1":2,"2":2},"b":{"0":[2],"1":[2]}}
,"E:\\Documenti\\TERZO ANNO\\quiad\\Deliverables\\Implementation\\quiad_rest_api_server\\dist\\document\\services\\src\\document\\services\\document.service.ts": {"path":"E:\\Documenti\\TERZO ANNO\\quiad\\Deliverables\\Implementation\\quiad_rest_api_server\\dist\\document\\services\\src\\document\\services\\document.service.ts","statementMap":{"0":{"start":{"line":1,"column":0},"end":{"line":1,"column":72}},"1":{"start":{"line":3,"column":0},"end":{"line":3,"column":58}},"2":{"start":{"line":6,"column":0},"end":{"line":6,"column":13}},"3":{"start":{"line":8,"column":12},"end":{"line":8,"column":58}},"4":{"start":{"line":10,"column":17},"end":{"line":14,"column":null}},"5":{"start":{"line":11,"column":14},"end":{"line":11,"column":53}},"6":{"start":{"line":12,"column":26},"end":{"line":12,"column":null}},"7":{"start":{"line":12,"column":14},"end":{"line":12,"column":null}},"8":{"start":{"line":13,"column":8},"end":{"line":13,"column":28}},"9":{"start":{"line":16,"column":17},"end":{"line":20,"column":null}},"10":{"start":{"line":17,"column":14},"end":{"line":17,"column":43}},"11":{"start":{"line":18,"column":32},"end":{"line":18,"column":null}},"12":{"start":{"line":18,"column":14},"end":{"line":18,"column":null}},"13":{"start":{"line":19,"column":8},"end":{"line":19,"column":34}},"14":{"start":{"line":22,"column":0},"end":{"line":22,"column":null}},"15":{"start":{"line":6,"column":13},"end":{"line":6,"column":28}}},"fnMap":{"0":{"name":"(anonymous_13)","decl":{"start":{"line":6,"column":0},"end":{"line":6,"column":13}},"loc":{"start":{"line":6,"column":0},"end":{"line":22,"column":null}}},"1":{"name":"(anonymous_15)","decl":{"start":{"line":10,"column":4},"end":{"line":10,"column":17}},"loc":{"start":{"line":10,"column":78},"end":{"line":14,"column":null}}},"2":{"name":"(anonymous_18)","decl":{"start":{"line":16,"column":4},"end":{"line":16,"column":17}},"loc":{"start":{"line":16,"column":79},"end":{"line":20,"column":null}}}},"branchMap":{},"s":{"0":1,"1":1,"2":1,"3":1,"4":1,"5":1,"6":1,"7":1,"8":1,"9":1,"10":1,"11":1,"12":1,"13":1,"14":1,"15":1},"f":{"0":2,"1":1,"2":1},"b":{}}
,"E:\\Documenti\\TERZO ANNO\\quiad\\Deliverables\\Implementation\\quiad_rest_api_server\\dist\\document\\utils\\src\\document\\utils\\document.filter.ts": {"path":"E:\\Documenti\\TERZO ANNO\\quiad\\Deliverables\\Implementation\\quiad_rest_api_server\\dist\\document\\utils\\src\\document\\utils\\document.filter.ts","statementMap":{"0":{"start":{"line":2,"column":0},"end":{"line":2,"column":13}},"1":{"start":{"line":17,"column":8},"end":{"line":17,"column":59}},"2":{"start":{"line":18,"column":8},"end":{"line":18,"column":61}},"3":{"start":{"line":19,"column":8},"end":{"line":19,"column":53}},"4":{"start":{"line":20,"column":8},"end":{"line":20,"column":55}},"5":{"start":{"line":21,"column":8},"end":{"line":21,"column":103}},"6":{"start":{"line":24,"column":0},"end":{"line":24,"column":null}},"7":{"start":{"line":2,"column":13},"end":{"line":2,"column":27}}},"fnMap":{"0":{"name":"(anonymous_0)","decl":{"start":{"line":2,"column":0},"end":{"line":2,"column":13}},"loc":{"start":{"line":2,"column":0},"end":{"line":24,"column":null}}},"1":{"name":"DocumentFilter","decl":{"start":{"line":10,"column":4},"end":{"line":10,"column":23}},"loc":{"start":{"line":16,"column":5},"end":{"line":22,"column":5}}}},"branchMap":{"0":{"loc":{"start":{"line":17,"column":29},"end":{"line":17,"column":58}},"type":"cond-expr","locations":[{"start":{"line":17,"column":43},"end":{"line":17,"column":45}},{"start":{"line":17,"column":29},"end":{"line":17,"column":58}}]},"1":{"loc":{"start":{"line":17,"column":29},"end":{"line":17,"column":45}},"type":"binary-expr","locations":[{"start":{"line":17,"column":29},"end":{"line":17,"column":45}},{"start":{"line":17,"column":29},"end":{"line":17,"column":45}}]},"2":{"loc":{"start":{"line":18,"column":30},"end":{"line":18,"column":60}},"type":"cond-expr","locations":[{"start":{"line":18,"column":44},"end":{"line":18,"column":46}},{"start":{"line":18,"column":30},"end":{"line":18,"column":60}}]},"3":{"loc":{"start":{"line":18,"column":30},"end":{"line":18,"column":46}},"type":"binary-expr","locations":[{"start":{"line":18,"column":30},"end":{"line":18,"column":46}},{"start":{"line":18,"column":30},"end":{"line":18,"column":46}}]},"4":{"loc":{"start":{"line":19,"column":26},"end":{"line":19,"column":52}},"type":"cond-expr","locations":[{"start":{"line":19,"column":40},"end":{"line":19,"column":42}},{"start":{"line":19,"column":26},"end":{"line":19,"column":52}}]},"5":{"loc":{"start":{"line":19,"column":26},"end":{"line":19,"column":42}},"type":"binary-expr","locations":[{"start":{"line":19,"column":26},"end":{"line":19,"column":42}},{"start":{"line":19,"column":26},"end":{"line":19,"column":42}}]},"6":{"loc":{"start":{"line":20,"column":27},"end":{"line":20,"column":54}},"type":"cond-expr","locations":[{"start":{"line":20,"column":41},"end":{"line":20,"column":43}},{"start":{"line":20,"column":27},"end":{"line":20,"column":54}}]},"7":{"loc":{"start":{"line":20,"column":27},"end":{"line":20,"column":43}},"type":"binary-expr","locations":[{"start":{"line":20,"column":27},"end":{"line":20,"column":43}},{"start":{"line":20,"column":27},"end":{"line":20,"column":43}}]},"8":{"loc":{"start":{"line":21,"column":26},"end":{"line":21,"column":102}},"type":"cond-expr","locations":[{"start":{"line":21,"column":55},"end":{"line":21,"column":90}},{"start":{"line":21,"column":93},"end":{"line":21,"column":102}}]},"9":{"loc":{"start":{"line":21,"column":26},"end":{"line":21,"column":52}},"type":"cond-expr","locations":[{"start":{"line":21,"column":40},"end":{"line":21,"column":42}},{"start":{"line":21,"column":26},"end":{"line":21,"column":52}}]},"10":{"loc":{"start":{"line":21,"column":26},"end":{"line":21,"column":42}},"type":"binary-expr","locations":[{"start":{"line":21,"column":26},"end":{"line":21,"column":42}},{"start":{"line":21,"column":26},"end":{"line":21,"column":42}}]}},"s":{"0":1,"1":1,"2":1,"3":1,"4":1,"5":1,"6":1,"7":1},"f":{"0":1,"1":1},"b":{"0":[1,0],"1":[1,1],"2":[1,0],"3":[1,1],"4":[1,0],"5":[1,1],"6":[1,0],"7":[1,1],"8":[0,1],"9":[1,0],"10":[1,1]}}
,"E:\\Documenti\\TERZO ANNO\\quiad\\Deliverables\\Implementation\\quiad_rest_api_server\\dist\\tree\\controllers\\src\\tree\\controllers\\node.controller.ts": {"path":"E:\\Documenti\\TERZO ANNO\\quiad\\Deliverables\\Implementation\\quiad_rest_api_server\\dist\\tree\\controllers\\src\\tree\\controllers\\node.controller.ts","statementMap":{"0":{"start":{"line":2,"column":0},"end":{"line":2,"column":45}},"1":{"start":{"line":5,"column":0},"end":{"line":5,"column":13}},"2":{"start":{"line":7,"column":12},"end":{"line":7,"column":null}},"3":{"start":{"line":9,"column":17},"end":{"line":35,"column":null}},"4":{"start":{"line":10,"column":22},"end":{"line":33,"column":null}},"5":{"start":{"line":10,"column":14},"end":{"line":33,"column":null}},"6":{"start":{"line":34,"column":8},"end":{"line":34,"column":31}},"7":{"start":{"line":37,"column":17},"end":{"line":61,"column":null}},"8":{"start":{"line":38,"column":28},"end":{"line":59,"column":null}},"9":{"start":{"line":38,"column":14},"end":{"line":59,"column":null}},"10":{"start":{"line":60,"column":8},"end":{"line":60,"column":35}},"11":{"start":{"line":63,"column":17},"end":{"line":90,"column":null}},"12":{"start":{"line":64,"column":28},"end":{"line":88,"column":null}},"13":{"start":{"line":64,"column":14},"end":{"line":88,"column":null}},"14":{"start":{"line":89,"column":8},"end":{"line":89,"column":35}},"15":{"start":{"line":92,"column":17},"end":{"line":99,"column":null}},"16":{"start":{"line":93,"column":21},"end":{"line":97,"column":null}},"17":{"start":{"line":93,"column":14},"end":{"line":97,"column":null}},"18":{"start":{"line":98,"column":8},"end":{"line":98,"column":28}},"19":{"start":{"line":101,"column":17},"end":{"line":134,"column":null}},"20":{"start":{"line":102,"column":27},"end":{"line":132,"column":null}},"21":{"start":{"line":102,"column":14},"end":{"line":132,"column":null}},"22":{"start":{"line":133,"column":8},"end":{"line":133,"column":34}},"23":{"start":{"line":136,"column":17},"end":{"line":175,"column":null}},"24":{"start":{"line":137,"column":33},"end":{"line":141,"column":null}},"25":{"start":{"line":137,"column":14},"end":{"line":141,"column":null}},"26":{"start":{"line":142,"column":8},"end":{"line":142,"column":76}},"27":{"start":{"line":142,"column":30},"end":{"line":142,"column":76}},"28":{"start":{"line":143,"column":29},"end":{"line":173,"column":null}},"29":{"start":{"line":143,"column":14},"end":{"line":173,"column":null}},"30":{"start":{"line":174,"column":8},"end":{"line":174,"column":36}},"31":{"start":{"line":177,"column":0},"end":{"line":177,"column":null}},"32":{"start":{"line":5,"column":13},"end":{"line":5,"column":27}}},"fnMap":{"0":{"name":"(anonymous_13)","decl":{"start":{"line":5,"column":0},"end":{"line":5,"column":13}},"loc":{"start":{"line":5,"column":0},"end":{"line":177,"column":null}}},"1":{"name":"(anonymous_15)","decl":{"start":{"line":9,"column":4},"end":{"line":9,"column":17}},"loc":{"start":{"line":9,"column":39},"end":{"line":35,"column":null}}},"2":{"name":"(anonymous_18)","decl":{"start":{"line":37,"column":4},"end":{"line":37,"column":17}},"loc":{"start":{"line":37,"column":38},"end":{"line":61,"column":null}}},"3":{"name":"(anonymous_21)","decl":{"start":{"line":63,"column":4},"end":{"line":63,"column":17}},"loc":{"start":{"line":63,"column":50},"end":{"line":90,"column":null}}},"4":{"name":"(anonymous_24)","decl":{"start":{"line":92,"column":4},"end":{"line":92,"column":17}},"loc":{"start":{"line":92,"column":38},"end":{"line":99,"column":null}}},"5":{"name":"(anonymous_27)","decl":{"start":{"line":101,"column":4},"end":{"line":101,"column":17}},"loc":{"start":{"line":101,"column":60},"end":{"line":134,"column":null}}},"6":{"name":"(anonymous_30)","decl":{"start":{"line":136,"column":4},"end":{"line":136,"column":17}},"loc":{"start":{"line":136,"column":62},"end":{"line":175,"column":null}}}},"branchMap":{"0":{"loc":{"start":{"line":10,"column":22},"end":{"line":33,"column":null}},"type":"switch","locations":[{"start":{"line":10,"column":22},"end":{"line":33,"column":null}}]},"1":{"loc":{"start":{"line":38,"column":28},"end":{"line":59,"column":null}},"type":"switch","locations":[{"start":{"line":38,"column":28},"end":{"line":59,"column":null}}]},"2":{"loc":{"start":{"line":64,"column":28},"end":{"line":88,"column":null}},"type":"switch","locations":[{"start":{"line":64,"column":28},"end":{"line":88,"column":null}}]},"3":{"loc":{"start":{"line":93,"column":21},"end":{"line":97,"column":null}},"type":"switch","locations":[{"start":{"line":93,"column":21},"end":{"line":97,"column":null}}]},"4":{"loc":{"start":{"line":102,"column":27},"end":{"line":132,"column":null}},"type":"switch","locations":[{"start":{"line":102,"column":27},"end":{"line":132,"column":null}}]},"5":{"loc":{"start":{"line":137,"column":33},"end":{"line":141,"column":null}},"type":"switch","locations":[{"start":{"line":137,"column":33},"end":{"line":141,"column":null}}]},"6":{"loc":{"start":{"line":142,"column":8},"end":{"line":142,"column":76}},"type":"if","locations":[{"start":{"line":142,"column":8},"end":{"line":142,"column":76}}]}},"s":{"0":2,"1":2,"2":2,"3":2,"4":2,"5":2,"6":2,"7":2,"8":3,"9":3,"10":2,"11":2,"12":2,"13":2,"14":2,"15":2,"16":3,"17":3,"18":2,"19":2,"20":3,"21":3,"22":2,"23":2,"24":4,"25":4,"26":4,"27":2,"28":2,"29":2,"30":2,"31":2,"32":2},"f":{"0":4,"1":2,"2":3,"3":2,"4":3,"5":3,"6":4},"b":{"0":[2],"1":[3],"2":[2],"3":[3],"4":[3],"5":[4],"6":[2]}}
,"E:\\Documenti\\TERZO ANNO\\quiad\\Deliverables\\Implementation\\quiad_rest_api_server\\dist\\tree\\models\\src\\tree\\models\\Node.ts": {"path":"E:\\Documenti\\TERZO ANNO\\quiad\\Deliverables\\Implementation\\quiad_rest_api_server\\dist\\tree\\models\\src\\tree\\models\\Node.ts","statementMap":{"0":{"start":{"line":4,"column":0},"end":{"line":4,"column":13}},"1":{"start":{"line":36,"column":8},"end":{"line":36,"column":26}},"2":{"start":{"line":37,"column":8},"end":{"line":37,"column":40}},"3":{"start":{"line":38,"column":8},"end":{"line":38,"column":38}},"4":{"start":{"line":39,"column":8},"end":{"line":39,"column":36}},"5":{"start":{"line":40,"column":8},"end":{"line":40,"column":38}},"6":{"start":{"line":41,"column":8},"end":{"line":41,"column":38}},"7":{"start":{"line":42,"column":8},"end":{"line":42,"column":28}},"8":{"start":{"line":43,"column":8},"end":{"line":43,"column":42}},"9":{"start":{"line":44,"column":8},"end":{"line":44,"column":42}},"10":{"start":{"line":45,"column":8},"end":{"line":45,"column":84}},"11":{"start":{"line":46,"column":8},"end":{"line":46,"column":84}},"12":{"start":{"line":47,"column":8},"end":{"line":47,"column":56}},"13":{"start":{"line":48,"column":8},"end":{"line":48,"column":56}},"14":{"start":{"line":51,"column":0},"end":{"line":51,"column":null}},"15":{"start":{"line":4,"column":13},"end":{"line":4,"column":17}},"16":{"start":{"line":53,"column":0},"end":{"line":53,"column":13}},"17":{"start":{"line":57,"column":0},"end":{"line":57,"column":null}},"18":{"start":{"line":53,"column":13},"end":{"line":53,"column":26}}},"fnMap":{"0":{"name":"(anonymous_0)","decl":{"start":{"line":4,"column":0},"end":{"line":4,"column":13}},"loc":{"start":{"line":4,"column":0},"end":{"line":51,"column":null}}},"1":{"name":"Node","decl":{"start":{"line":21,"column":4},"end":{"line":21,"column":23}},"loc":{"start":{"line":35,"column":5},"end":{"line":49,"column":5}}},"2":{"name":"(anonymous_2)","decl":{"start":{"line":53,"column":0},"end":{"line":53,"column":13}},"loc":{"start":{"line":53,"column":0},"end":{"line":57,"column":null}}}},"branchMap":{"0":{"loc":{"start":{"line":45,"column":25},"end":{"line":45,"column":83}},"type":"cond-expr","locations":[{"start":{"line":45,"column":42},"end":{"line":45,"column":66}},{"start":{"line":45,"column":69},"end":{"line":45,"column":83}}]},"1":{"loc":{"start":{"line":46,"column":25},"end":{"line":46,"column":83}},"type":"cond-expr","locations":[{"start":{"line":46,"column":42},"end":{"line":46,"column":66}},{"start":{"line":46,"column":69},"end":{"line":46,"column":83}}]}},"s":{"0":1,"1":3,"2":3,"3":3,"4":3,"5":3,"6":3,"7":3,"8":3,"9":3,"10":3,"11":3,"12":3,"13":3,"14":1,"15":1,"16":1,"17":1,"18":1},"f":{"0":1,"1":3,"2":1},"b":{"0":[2,1],"1":[0,3]}}
,"E:\\Documenti\\TERZO ANNO\\quiad\\Deliverables\\Implementation\\quiad_rest_api_server\\dist\\tree\\services\\src\\tree\\services\\tree.service.ts": {"path":"E:\\Documenti\\TERZO ANNO\\quiad\\Deliverables\\Implementation\\quiad_rest_api_server\\dist\\tree\\services\\src\\tree\\services\\tree.service.ts","statementMap":{"0":{"start":{"line":2,"column":0},"end":{"line":2,"column":64}},"1":{"start":{"line":3,"column":0},"end":{"line":3,"column":38}},"2":{"start":{"line":5,"column":0},"end":{"line":5,"column":13}},"3":{"start":{"line":7,"column":12},"end":{"line":7,"column":50}},"4":{"start":{"line":9,"column":17},"end":{"line":18,"column":null}},"5":{"start":{"line":10,"column":14},"end":{"line":10,"column":43}},"6":{"start":{"line":11,"column":14},"end":{"line":11,"column":49}},"7":{"start":{"line":12,"column":11},"end":{"line":12,"column":18}},"8":{"start":{"line":13,"column":26},"end":{"line":13,"column":null}},"9":{"start":{"line":13,"column":18},"end":{"line":13,"column":null}},"10":{"start":{"line":14,"column":12},"end":{"line":14,"column":28}},"11":{"start":{"line":16,"column":12},"end":{"line":16,"column":39}},"12":{"start":{"line":20,"column":17},"end":{"line":29,"column":null}},"13":{"start":{"line":21,"column":14},"end":{"line":21,"column":45}},"14":{"start":{"line":24,"column":33},"end":{"line":24,"column":null}},"15":{"start":{"line":24,"column":18},"end":{"line":24,"column":null}},"16":{"start":{"line":25,"column":12},"end":{"line":25,"column":35}},"17":{"start":{"line":27,"column":12},"end":{"line":27,"column":39}},"18":{"start":{"line":31,"column":17},"end":{"line":36,"column":null}},"19":{"start":{"line":32,"column":14},"end":{"line":32,"column":43}},"20":{"start":{"line":33,"column":14},"end":{"line":33,"column":45}},"21":{"start":{"line":34,"column":28},"end":{"line":34,"column":null}},"22":{"start":{"line":34,"column":14},"end":{"line":34,"column":null}},"23":{"start":{"line":35,"column":8},"end":{"line":35,"column":30}},"24":{"start":{"line":38,"column":17},"end":{"line":52,"column":null}},"25":{"start":{"line":39,"column":14},"end":{"line":39,"column":43}},"26":{"start":{"line":40,"column":14},"end":{"line":40,"column":39}},"27":{"start":{"line":41,"column":14},"end":{"line":41,"column":43}},"28":{"start":{"line":42,"column":11},"end":{"line":42,"column":15}},"29":{"start":{"line":43,"column":12},"end":{"line":43,"column":39}},"30":{"start":{"line":46,"column":36},"end":{"line":46,"column":null}},"31":{"start":{"line":46,"column":22},"end":{"line":46,"column":null}},"32":{"start":{"line":47,"column":16},"end":{"line":47,"column":38}},"33":{"start":{"line":49,"column":16},"end":{"line":49,"column":43}},"34":{"start":{"line":54,"column":17},"end":{"line":63,"column":null}},"35":{"start":{"line":55,"column":14},"end":{"line":55,"column":48}},"36":{"start":{"line":56,"column":14},"end":{"line":56,"column":55}},"37":{"start":{"line":58,"column":31},"end":{"line":58,"column":null}},"38":{"start":{"line":58,"column":18},"end":{"line":58,"column":null}},"39":{"start":{"line":59,"column":12},"end":{"line":59,"column":33}},"40":{"start":{"line":61,"column":12},"end":{"line":61,"column":39}},"41":{"start":{"line":65,"column":17},"end":{"line":74,"column":null}},"42":{"start":{"line":66,"column":14},"end":{"line":66,"column":48}},"43":{"start":{"line":67,"column":14},"end":{"line":67,"column":55}},"44":{"start":{"line":69,"column":33},"end":{"line":69,"column":null}},"45":{"start":{"line":69,"column":18},"end":{"line":69,"column":null}},"46":{"start":{"line":70,"column":12},"end":{"line":70,"column":35}},"47":{"start":{"line":72,"column":12},"end":{"line":72,"column":39}},"48":{"start":{"line":76,"column":0},"end":{"line":76,"column":null}},"49":{"start":{"line":5,"column":13},"end":{"line":5,"column":24}}},"fnMap":{"0":{"name":"(anonymous_13)","decl":{"start":{"line":5,"column":0},"end":{"line":5,"column":13}},"loc":{"start":{"line":5,"column":0},"end":{"line":76,"column":null}}},"1":{"name":"(anonymous_15)","decl":{"start":{"line":9,"column":4},"end":{"line":9,"column":17}},"loc":{"start":{"line":9,"column":73},"end":{"line":18,"column":null}}},"2":{"name":"(anonymous_18)","decl":{"start":{"line":20,"column":4},"end":{"line":20,"column":17}},"loc":{"start":{"line":20,"column":75},"end":{"line":29,"column":null}}},"3":{"name":"(anonymous_21)","decl":{"start":{"line":31,"column":4},"end":{"line":31,"column":17}},"loc":{"start":{"line":31,"column":75},"end":{"line":36,"column":null}}},"4":{"name":"(anonymous_24)","decl":{"start":{"line":38,"column":4},"end":{"line":38,"column":17}},"loc":{"start":{"line":38,"column":75},"end":{"line":52,"column":null}}},"5":{"name":"(anonymous_27)","decl":{"start":{"line":54,"column":4},"end":{"line":54,"column":17}},"loc":{"start":{"line":54,"column":77},"end":{"line":63,"column":null}}},"6":{"name":"(anonymous_30)","decl":{"start":{"line":65,"column":4},"end":{"line":65,"column":17}},"loc":{"start":{"line":65,"column":79},"end":{"line":74,"column":null}}}},"branchMap":{"0":{"loc":{"start":{"line":12,"column":11},"end":{"line":12,"column":18}},"type":"if","locations":[{"start":{"line":12,"column":11},"end":{"line":12,"column":18}}]},"1":{"loc":{"start":{"line":42,"column":11},"end":{"line":42,"column":15}},"type":"if","locations":[{"start":{"line":42,"column":11},"end":{"line":42,"column":15}}]}},"s":{"0":1,"1":1,"2":1,"3":1,"4":1,"5":2,"6":2,"7":3,"8":1,"9":1,"10":1,"11":1,"12":1,"13":2,"14":2,"15":2,"16":1,"17":1,"18":1,"19":1,"20":1,"21":1,"22":1,"23":1,"24":1,"25":3,"26":3,"27":3,"28":5,"29":1,"30":2,"31":2,"32":1,"33":1,"34":1,"35":2,"36":2,"37":2,"38":2,"39":1,"40":1,"41":1,"42":2,"43":2,"44":2,"45":2,"46":1,"47":1,"48":1,"49":1},"f":{"0":2,"1":2,"2":2,"3":1,"4":3,"5":2,"6":2},"b":{"0":[1],"1":[2]}}
,"E:\\Documenti\\TERZO ANNO\\quiad\\Deliverables\\Implementation\\quiad_rest_api_server\\dist\\utils\\src\\utils\\singleton.ts": {"path":"E:\\Documenti\\TERZO ANNO\\quiad\\Deliverables\\Implementation\\quiad_rest_api_server\\dist\\utils\\src\\utils\\singleton.ts","statementMap":{"0":{"start":{"line":2,"column":0},"end":{"line":2,"column":71}},"1":{"start":{"line":4,"column":19},"end":{"line":4,"column":43}},"2":{"start":{"line":6,"column":0},"end":{"line":8,"column":null}},"3":{"start":{"line":6,"column":29},"end":{"line":8,"column":3}},"4":{"start":{"line":10,"column":0},"end":{"line":12,"column":null}},"5":{"start":{"line":11,"column":2},"end":{"line":11,"column":null}},"6":{"start":{"line":14,"column":13},"end":{"line":14,"column":79}}},"fnMap":{"0":{"name":"(anonymous_0)","decl":{"start":{"line":6,"column":23},"end":{"line":6,"column":29}},"loc":{"start":{"line":6,"column":23},"end":{"line":6,"column":30}}},"1":{"name":"(anonymous_1)","decl":{"start":{"line":10,"column":11},"end":{"line":10,"column":null}},"loc":{"start":{"line":10,"column":11},"end":{"line":12,"column":1}}}},"branchMap":{},"s":{"0":7,"1":7,"2":7,"3":7,"4":7,"5":34,"6":7},"f":{"0":7,"1":34},"b":{}}
}
