{"E:\\Documenti\\TERZO ANNO\\quiad\\Deliverables\\Implementation\\quiad_rest_api_server\\dist\\account\\controllers\\src\\account\\controllers\\account.controller.ts": {"path":"E:\\Documenti\\TERZO ANNO\\quiad\\Deliverables\\Implementation\\quiad_rest_api_server\\dist\\account\\controllers\\src\\account\\controllers\\account.controller.ts","statementMap":{"0":{"start":{"line":4,"column":0},"end":{"line":4,"column":45}},"1":{"start":{"line":6,"column":0},"end":{"line":6,"column":13}},"2":{"start":{"line":8,"column":12},"end":{"line":8,"column":42}},"3":{"start":{"line":10,"column":17},"end":{"line":55,"column":null}},"4":{"start":{"line":11,"column":24},"end":{"line":53,"column":null}},"5":{"start":{"line":11,"column":14},"end":{"line":53,"column":null}},"6":{"start":{"line":54,"column":8},"end":{"line":54,"column":34}},"7":{"start":{"line":57,"column":17},"end":{"line":111,"column":null}},"8":{"start":{"line":58,"column":23},"end":{"line":109,"column":null}},"9":{"start":{"line":58,"column":14},"end":{"line":109,"column":null}},"10":{"start":{"line":110,"column":8},"end":{"line":110,"column":33}},"11":{"start":{"line":113,"column":0},"end":{"line":113,"column":null}},"12":{"start":{"line":6,"column":13},"end":{"line":6,"column":30}}},"fnMap":{"0":{"name":"(anonymous_13)","decl":{"start":{"line":6,"column":0},"end":{"line":6,"column":13}},"loc":{"start":{"line":6,"column":0},"end":{"line":113,"column":null}}},"1":{"name":"(anonymous_15)","decl":{"start":{"line":10,"column":4},"end":{"line":10,"column":17}},"loc":{"start":{"line":10,"column":48},"end":{"line":55,"column":null}}},"2":{"name":"(anonymous_18)","decl":{"start":{"line":57,"column":4},"end":{"line":57,"column":17}},"loc":{"start":{"line":57,"column":43},"end":{"line":111,"column":null}}}},"branchMap":{"0":{"loc":{"start":{"line":11,"column":24},"end":{"line":53,"column":null}},"type":"switch","locations":[{"start":{"line":11,"column":24},"end":{"line":53,"column":null}}]},"1":{"loc":{"start":{"line":58,"column":23},"end":{"line":109,"column":null}},"type":"switch","locations":[{"start":{"line":58,"column":23},"end":{"line":109,"column":null}}]}},"s":{"0":1,"1":1,"2":1,"3":1,"4":1,"5":1,"6":1,"7":1,"8":0,"9":0,"10":0,"11":1,"12":1},"f":{"0":2,"1":1,"2":0},"b":{"0":[1],"1":[0]}}
,"E:\\Documenti\\TERZO ANNO\\quiad\\Deliverables\\Implementation\\quiad_rest_api_server\\dist\\utils\\src\\utils\\singleton.ts": {"path":"E:\\Documenti\\TERZO ANNO\\quiad\\Deliverables\\Implementation\\quiad_rest_api_server\\dist\\utils\\src\\utils\\singleton.ts","statementMap":{"0":{"start":{"line":2,"column":0},"end":{"line":2,"column":71}},"1":{"start":{"line":4,"column":19},"end":{"line":4,"column":43}},"2":{"start":{"line":6,"column":0},"end":{"line":8,"column":null}},"3":{"start":{"line":6,"column":29},"end":{"line":8,"column":3}},"4":{"start":{"line":10,"column":0},"end":{"line":12,"column":null}},"5":{"start":{"line":11,"column":2},"end":{"line":11,"column":null}},"6":{"start":{"line":14,"column":13},"end":{"line":14,"column":79}}},"fnMap":{"0":{"name":"(anonymous_0)","decl":{"start":{"line":6,"column":23},"end":{"line":6,"column":29}},"loc":{"start":{"line":6,"column":23},"end":{"line":6,"column":30}}},"1":{"name":"(anonymous_1)","decl":{"start":{"line":10,"column":11},"end":{"line":10,"column":null}},"loc":{"start":{"line":10,"column":11},"end":{"line":12,"column":1}}}},"branchMap":{},"s":{"0":1,"1":1,"2":1,"3":1,"4":1,"5":1,"6":1},"f":{"0":1,"1":1},"b":{}}
}
