TN:
SF:dist\account\controllers\src\account\controllers\account.controller.ts
FN:6,(anonymous_13)
FN:10,(anonymous_15)
FN:57,(anonymous_18)
FNF:3
FNH:2
FNDA:2,(anonymous_13)
FNDA:1,(anonymous_15)
FNDA:0,(anonymous_18)
DA:4,1
DA:6,1
DA:8,1
DA:10,1
DA:11,1
DA:54,1
DA:57,1
DA:58,0
DA:110,0
DA:113,1
LF:10
LH:8
BRDA:11,0,0,1
BRDA:58,1,0,0
BRF:2
BRH:1
end_of_record
TN:
SF:dist\utils\src\utils\singleton.ts
FN:6,(anonymous_0)
FN:10,(anonymous_1)
FNF:2
FNH:2
FNDA:1,(anonymous_0)
FNDA:1,(anonymous_1)
DA:2,1
DA:4,1
DA:6,1
DA:10,1
DA:11,1
DA:14,1
LF:6
LH:6
BRF:0
BRH:0
end_of_record
