TN:
SF:dist\account\controllers\src\account\controllers\account.controller.ts
FN:6,(anonymous_13)
FN:10,(anonymous_15)
FN:57,(anonymous_18)
FNF:3
FNH:3
FNDA:6,(anonymous_13)
FNDA:7,(anonymous_15)
FNDA:3,(anonymous_18)
DA:4,3
DA:6,3
DA:8,3
DA:10,3
DA:11,7
DA:54,6
DA:57,3
DA:58,3
DA:110,2
DA:113,3
LF:10
LH:10
BRDA:11,0,0,7
BRDA:58,1,0,3
BRDA:75,2,0,0
BRDA:75,2,1,3
BRF:4
BRH:3
end_of_record
TN:
SF:dist\account\services\src\account\services\auth.service.ts
FN:6,(anonymous_16)
FN:10,(anonymous_18)
FNF:2
FNH:2
FNDA:2,(anonymous_16)
FNDA:6,(anonymous_18)
DA:2,1
DA:3,1
DA:4,1
DA:6,1
DA:8,1
DA:10,1
DA:11,6
DA:12,6
DA:13,7
DA:15,5
DA:16,4
DA:17,3
DA:18,3
DA:19,2
DA:20,1
DA:24,1
DA:31,1
DA:34,1
DA:37,1
DA:40,1
DA:43,1
DA:47,1
LF:22
LH:22
BRDA:13,0,0,1
BRDA:16,1,0,3
BRDA:16,1,1,1
BRDA:18,2,0,2
BRDA:18,2,1,1
BRDA:19,3,0,1
BRDA:19,3,1,1
BRF:7
BRH:7
end_of_record
TN:
SF:dist\account\services\src\account\services\registration.service.ts
FN:5,(anonymous_14)
FN:9,(anonymous_16)
FNF:2
FNH:2
FNDA:2,(anonymous_14)
FNDA:2,(anonymous_16)
DA:2,1
DA:3,1
DA:5,1
DA:7,1
DA:9,1
DA:10,2
DA:11,2
DA:13,2
DA:14,1
DA:16,1
DA:20,1
LF:11
LH:11
BRF:0
BRH:0
end_of_record
TN:
SF:dist\document\controllers\src\document\controllers\document.controller.ts
FN:5,(anonymous_13)
FN:9,(anonymous_15)
FN:23,(anonymous_18)
FNF:3
FNH:3
FNDA:4,(anonymous_13)
FNDA:2,(anonymous_15)
FNDA:2,(anonymous_18)
DA:2,2
DA:5,2
DA:7,2
DA:9,2
DA:10,2
DA:20,2
DA:23,2
DA:24,2
DA:27,2
DA:30,2
LF:10
LH:10
BRDA:10,0,0,2
BRDA:24,1,0,2
BRF:2
BRH:2
end_of_record
TN:
SF:dist\document\services\src\document\services\document.service.ts
FN:6,(anonymous_13)
FN:10,(anonymous_15)
FN:16,(anonymous_18)
FNF:3
FNH:3
FNDA:2,(anonymous_13)
FNDA:1,(anonymous_15)
FNDA:1,(anonymous_18)
DA:1,1
DA:3,1
DA:6,1
DA:8,1
DA:10,1
DA:11,1
DA:12,1
DA:13,1
DA:16,1
DA:17,1
DA:18,1
DA:19,1
DA:22,1
LF:13
LH:13
BRF:0
BRH:0
end_of_record
TN:
SF:dist\document\utils\src\document\utils\document.filter.ts
FN:2,(anonymous_0)
FN:10,DocumentFilter
FNF:2
FNH:2
FNDA:1,(anonymous_0)
FNDA:1,DocumentFilter
DA:2,1
DA:17,1
DA:18,1
DA:19,1
DA:20,1
DA:21,1
DA:24,1
LF:7
LH:7
BRDA:17,0,0,1
BRDA:17,0,1,0
BRDA:17,1,0,1
BRDA:17,1,1,1
BRDA:18,2,0,1
BRDA:18,2,1,0
BRDA:18,3,0,1
BRDA:18,3,1,1
BRDA:19,4,0,1
BRDA:19,4,1,0
BRDA:19,5,0,1
BRDA:19,5,1,1
BRDA:20,6,0,1
BRDA:20,6,1,0
BRDA:20,7,0,1
BRDA:20,7,1,1
BRDA:21,8,0,0
BRDA:21,8,1,1
BRDA:21,9,0,1
BRDA:21,9,1,0
BRDA:21,10,0,1
BRDA:21,10,1,1
BRF:22
BRH:16
end_of_record
TN:
SF:dist\tree\controllers\src\tree\controllers\node.controller.ts
FN:5,(anonymous_13)
FN:9,(anonymous_15)
FN:37,(anonymous_18)
FN:63,(anonymous_21)
FN:92,(anonymous_24)
FN:101,(anonymous_27)
FN:136,(anonymous_30)
FNF:7
FNH:7
FNDA:4,(anonymous_13)
FNDA:2,(anonymous_15)
FNDA:3,(anonymous_18)
FNDA:2,(anonymous_21)
FNDA:3,(anonymous_24)
FNDA:3,(anonymous_27)
FNDA:4,(anonymous_30)
DA:2,2
DA:5,2
DA:7,2
DA:9,2
DA:10,2
DA:34,2
DA:37,2
DA:38,3
DA:60,2
DA:63,2
DA:64,2
DA:89,2
DA:92,2
DA:93,3
DA:98,2
DA:101,2
DA:102,3
DA:133,2
DA:136,2
DA:137,4
DA:142,4
DA:143,2
DA:174,2
DA:177,2
LF:24
LH:24
BRDA:10,0,0,2
BRDA:38,1,0,3
BRDA:64,2,0,2
BRDA:93,3,0,3
BRDA:102,4,0,3
BRDA:137,5,0,4
BRDA:142,6,0,2
BRF:7
BRH:7
end_of_record
TN:
SF:dist\tree\models\src\tree\models\Node.ts
FN:4,(anonymous_0)
FN:21,Node
FN:53,(anonymous_2)
FNF:3
FNH:3
FNDA:1,(anonymous_0)
FNDA:3,Node
FNDA:1,(anonymous_2)
DA:4,1
DA:36,3
DA:37,3
DA:38,3
DA:39,3
DA:40,3
DA:41,3
DA:42,3
DA:43,3
DA:44,3
DA:45,3
DA:46,3
DA:47,3
DA:48,3
DA:51,1
DA:53,1
DA:57,1
LF:17
LH:17
BRDA:45,0,0,2
BRDA:45,0,1,1
BRDA:46,1,0,0
BRDA:46,1,1,3
BRF:4
BRH:3
end_of_record
TN:
SF:dist\tree\services\src\tree\services\tree.service.ts
FN:5,(anonymous_13)
FN:9,(anonymous_15)
FN:20,(anonymous_18)
FN:31,(anonymous_21)
FN:38,(anonymous_24)
FN:54,(anonymous_27)
FN:65,(anonymous_30)
FNF:7
FNH:7
FNDA:2,(anonymous_13)
FNDA:2,(anonymous_15)
FNDA:2,(anonymous_18)
FNDA:1,(anonymous_21)
FNDA:3,(anonymous_24)
FNDA:2,(anonymous_27)
FNDA:2,(anonymous_30)
DA:2,1
DA:3,1
DA:5,1
DA:7,1
DA:9,1
DA:10,2
DA:11,2
DA:12,3
DA:13,1
DA:14,1
DA:16,1
DA:20,1
DA:21,2
DA:24,2
DA:25,1
DA:27,1
DA:31,1
DA:32,1
DA:33,1
DA:34,1
DA:35,1
DA:38,1
DA:39,3
DA:40,3
DA:41,3
DA:42,5
DA:43,1
DA:46,2
DA:47,1
DA:49,1
DA:54,1
DA:55,2
DA:56,2
DA:58,2
DA:59,1
DA:61,1
DA:65,1
DA:66,2
DA:67,2
DA:69,2
DA:70,1
DA:72,1
DA:76,1
LF:43
LH:43
BRDA:12,0,0,1
BRDA:42,1,0,2
BRF:2
BRH:2
end_of_record
TN:
SF:dist\utils\src\utils\singleton.ts
FN:6,(anonymous_0)
FN:10,(anonymous_1)
FNF:2
FNH:2
FNDA:7,(anonymous_0)
FNDA:34,(anonymous_1)
DA:2,7
DA:4,7
DA:6,7
DA:10,7
DA:11,34
DA:14,7
LF:6
LH:6
BRF:0
BRH:0
end_of_record
